f:\ktmt&hn\đồ án 1\ktmthn\calculator_ktmt\x64\debug\calculatorktmt.myform.resources
f:\ktmt&hn\đồ án 1\ktmthn\calculator_ktmt\x64\debug\vc142.pdb
f:\ktmt&hn\đồ án 1\ktmthn\calculator_ktmt\x64\debug\qint.obj
f:\ktmt&hn\đồ án 1\ktmthn\calculator_ktmt\x64\debug\.netframework,version=v4.6.1.assemblyattributes.obj
f:\ktmt&hn\đồ án 1\ktmthn\calculator_ktmt\x64\debug\bignumber.obj
f:\ktmt&hn\đồ án 1\ktmthn\calculator_ktmt\x64\debug\myform.obj
f:\ktmt&hn\đồ án 1\ktmthn\calculator_ktmt\x64\debug\strfloat.obj
f:\ktmt&hn\đồ án 1\ktmthn\calculator_ktmt\x64\debug\qfloat.obj
f:\ktmt&hn\đồ án 1\ktmthn\calculator_ktmt\x64\debug\fileproces.obj
f:\ktmt&hn\đồ án 1\ktmthn\calculator_ktmt\x64\debug\fileprocess.obj
f:\ktmt&hn\đồ án 1\ktmthn\calculator_ktmt\x64\debug\fileprocessqint.obj
f:\ktmt&hn\đồ án 1\ktmthn\calculator_ktmt\x64\debug\fileprocessqfloat.obj
f:\ktmt&hn\đồ án 1\ktmthn\x64\debug\calculator_ktmt.exe
f:\ktmt&hn\đồ án 1\ktmthn\x64\debug\calculator_ktmt.pdb
f:\ktmt&hn\đồ án 1\ktmthn\calculator_ktmt\x64\debug\source.obj
f:\ktmt&hn\đồ án 1\ktmthn\calculator_ktmt\x64\debug\calculator_ktmt.tlog\calculator_ktmt.write.1u.tlog
f:\ktmt&hn\đồ án 1\ktmthn\calculator_ktmt\x64\debug\calculator_ktmt.tlog\cl.command.1.tlog
f:\ktmt&hn\đồ án 1\ktmthn\calculator_ktmt\x64\debug\calculator_ktmt.tlog\cl.read.1.tlog
f:\ktmt&hn\đồ án 1\ktmthn\calculator_ktmt\x64\debug\calculator_ktmt.tlog\cl.write.1.tlog
f:\ktmt&hn\đồ án 1\ktmthn\calculator_ktmt\x64\debug\calculator_ktmt.tlog\link.13556-cvtres.read.1.tlog
f:\ktmt&hn\đồ án 1\ktmthn\calculator_ktmt\x64\debug\calculator_ktmt.tlog\link.13556-cvtres.write.1.tlog
f:\ktmt&hn\đồ án 1\ktmthn\calculator_ktmt\x64\debug\calculator_ktmt.tlog\link.13556-rc.read.1.tlog
f:\ktmt&hn\đồ án 1\ktmthn\calculator_ktmt\x64\debug\calculator_ktmt.tlog\link.13556-rc.write.1.tlog
f:\ktmt&hn\đồ án 1\ktmthn\calculator_ktmt\x64\debug\calculator_ktmt.tlog\link.13556.read.1.tlog
f:\ktmt&hn\đồ án 1\ktmthn\calculator_ktmt\x64\debug\calculator_ktmt.tlog\link.13556.write.1.tlog
f:\ktmt&hn\đồ án 1\ktmthn\calculator_ktmt\x64\debug\calculator_ktmt.tlog\link.16920-cvtres.read.1.tlog
f:\ktmt&hn\đồ án 1\ktmthn\calculator_ktmt\x64\debug\calculator_ktmt.tlog\link.16920-cvtres.write.1.tlog
f:\ktmt&hn\đồ án 1\ktmthn\calculator_ktmt\x64\debug\calculator_ktmt.tlog\link.16920-rc.read.1.tlog
f:\ktmt&hn\đồ án 1\ktmthn\calculator_ktmt\x64\debug\calculator_ktmt.tlog\link.16920-rc.write.1.tlog
f:\ktmt&hn\đồ án 1\ktmthn\calculator_ktmt\x64\debug\calculator_ktmt.tlog\link.16920.read.1.tlog
f:\ktmt&hn\đồ án 1\ktmthn\calculator_ktmt\x64\debug\calculator_ktmt.tlog\link.16920.write.1.tlog
f:\ktmt&hn\đồ án 1\ktmthn\calculator_ktmt\x64\debug\calculator_ktmt.tlog\link.7508-cvtres.read.1.tlog
f:\ktmt&hn\đồ án 1\ktmthn\calculator_ktmt\x64\debug\calculator_ktmt.tlog\link.7508-cvtres.write.1.tlog
f:\ktmt&hn\đồ án 1\ktmthn\calculator_ktmt\x64\debug\calculator_ktmt.tlog\link.7508-rc.read.1.tlog
f:\ktmt&hn\đồ án 1\ktmthn\calculator_ktmt\x64\debug\calculator_ktmt.tlog\link.7508-rc.write.1.tlog
f:\ktmt&hn\đồ án 1\ktmthn\calculator_ktmt\x64\debug\calculator_ktmt.tlog\link.7508.read.1.tlog
f:\ktmt&hn\đồ án 1\ktmthn\calculator_ktmt\x64\debug\calculator_ktmt.tlog\link.7508.write.1.tlog
f:\ktmt&hn\đồ án 1\ktmthn\calculator_ktmt\x64\debug\calculator_ktmt.tlog\link.command.1.tlog
f:\ktmt&hn\đồ án 1\ktmthn\calculator_ktmt\x64\debug\calculator_ktmt.tlog\link.read.1.tlog
f:\ktmt&hn\đồ án 1\ktmthn\calculator_ktmt\x64\debug\calculator_ktmt.tlog\link.write.1.tlog
f:\ktmt&hn\đồ án 1\ktmthn\calculator_ktmt\x64\debug\calculator_ktmt.tlog\metagen.read.1.tlog
f:\ktmt&hn\đồ án 1\ktmthn\calculator_ktmt\x64\debug\calculator_ktmt.tlog\metagen.write.1.tlog
