  BigNumber.cpp
F:\KTMT&HN\Đồ án 1\KTMTHN\Calculator_KTMT\BigNumber.cpp(7,20): warning C4018: '<': signed/unsigned mismatch
F:\KTMT&HN\Đồ án 1\KTMTHN\Calculator_KTMT\BigNumber.cpp(20,20): warning C4018: '<': signed/unsigned mismatch
F:\KTMT&HN\Đồ án 1\KTMTHN\Calculator_KTMT\BigNumber.cpp(270,12): warning C4018: '<': signed/unsigned mismatch
F:\KTMT&HN\Đồ án 1\KTMTHN\Calculator_KTMT\BigNumber.cpp(278,12): warning C4018: '<': signed/unsigned mismatch
F:\KTMT&HN\Đồ án 1\KTMTHN\Calculator_KTMT\BigNumber.cpp(323,20): warning C4018: '<': signed/unsigned mismatch
  FileProces.cpp
  MyForm.cpp
  Qfloat.cpp
F:\KTMT&HN\Đồ án 1\KTMTHN\Calculator_KTMT\Qfloat.cpp(168,23): warning C4018: '<': signed/unsigned mismatch
F:\KTMT&HN\Đồ án 1\KTMTHN\Calculator_KTMT\Qfloat.cpp(172,29): warning C4018: '<': signed/unsigned mismatch
  QInt.cpp
F:\KTMT&HN\Đồ án 1\KTMTHN\Calculator_KTMT\QInt.cpp(79,32): warning C4244: '+=': conversion from 'double' to 'int', possible loss of data
F:\KTMT&HN\Đồ án 1\KTMTHN\Calculator_KTMT\QInt.cpp(177,20): warning C4018: '<': signed/unsigned mismatch
F:\KTMT&HN\Đồ án 1\KTMTHN\Calculator_KTMT\QInt.cpp(206,32): warning C4244: '+=': conversion from 'double' to 'int', possible loss of data
F:\KTMT&HN\Đồ án 1\KTMTHN\Calculator_KTMT\QInt.cpp(760,20): warning C4018: '<': signed/unsigned mismatch
F:\KTMT&HN\Đồ án 1\KTMTHN\Calculator_KTMT\QInt.cpp(844,20): warning C4018: '<': signed/unsigned mismatch
  Source.cpp
  StrFloat.cpp
F:\KTMT&HN\Đồ án 1\KTMTHN\Calculator_KTMT\StrFloat.cpp(8,16): warning C4018: '<': signed/unsigned mismatch
F:\KTMT&HN\Đồ án 1\KTMTHN\Calculator_KTMT\StrFloat.cpp(10,16): warning C4018: '<': signed/unsigned mismatch
F:\KTMT&HN\Đồ án 1\KTMTHN\Calculator_KTMT\StrFloat.cpp(84,16): warning C4018: '<': signed/unsigned mismatch
F:\KTMT&HN\Đồ án 1\KTMTHN\Calculator_KTMT\StrFloat.cpp(142,20): warning C4018: '<': signed/unsigned mismatch
F:\KTMT&HN\Đồ án 1\KTMTHN\Calculator_KTMT\StrFloat.cpp(252,12): warning C4018: '<': signed/unsigned mismatch
F:\KTMT&HN\Đồ án 1\KTMTHN\Calculator_KTMT\StrFloat.cpp(260,12): warning C4018: '<': signed/unsigned mismatch
F:\KTMT&HN\Đồ án 1\KTMTHN\Calculator_KTMT\StrFloat.cpp(282,21): warning C4018: '<': signed/unsigned mismatch
  .NETFramework,Version=v4.6.1.AssemblyAttributes.cpp
  Generating Code...
F:\KTMT&HN\Đồ án 1\KTMTHN\Calculator_KTMT\QInt.cpp(684): warning C4715: 'operator/': not all control paths return a value
F:\KTMT&HN\Đồ án 1\KTMTHN\Calculator_KTMT\QInt.cpp(714): warning C4172: returning address of local variable or temporary: bit
  BigNumber.obj : MSIL module encountered; incremental linking is disabled for MSIL; performing full link
  Calculator_KTMT.vcxproj -> F:\KTMT&HN\Đồ án 1\KTMTHN\Release\Calculator_KTMT.exe
